<?xml version="1.0" encoding="UTF-8"?>
<!-- Generated by org.testng.reporters.JUnitXMLReporter -->
<testsuite hostname="DESKTOP-4U5KJL5" ignored="0" name="Default test" tests="19" failures="0" timestamp="26 Jun 2018 07:39:02 GMT" time="26.021" errors="0">
  <testcase name="TestA" time="0.006" classname="mockarooAutomation.MockarooDataValidation"/>
  <testcase name="TestB" time="0.578" classname="mockarooAutomation.MockarooDataValidation"/>
  <testcase name="TestC" time="0.127" classname="mockarooAutomation.MockarooDataValidation"/>
  <testcase name="TestD" time="0.034" classname="mockarooAutomation.MockarooDataValidation"/>
  <testcase name="TestE" time="0.031" classname="mockarooAutomation.MockarooDataValidation"/>
  <testcase name="TestF" time="0.051" classname="mockarooAutomation.MockarooDataValidation"/>
  <testcase name="TestG" time="0.045" classname="mockarooAutomation.MockarooDataValidation"/>
  <testcase name="TestH" time="0.069" classname="mockarooAutomation.MockarooDataValidation"/>
  <testcase name="TestI" time="0.747" classname="mockarooAutomation.MockarooDataValidation"/>
  <testcase name="TestJ" time="0.164" classname="mockarooAutomation.MockarooDataValidation"/>
  <testcase name="TestK" time="0.717" classname="mockarooAutomation.MockarooDataValidation"/>
  <testcase name="TestL" time="1.241" classname="mockarooAutomation.MockarooDataValidation"/>
  <testcase name="TestM" time="1.122" classname="mockarooAutomation.MockarooDataValidation"/>
  <testcase name="TestN" time="1.068" classname="mockarooAutomation.MockarooDataValidation"/>
  <testcase name="TestO" time="0.819" classname="mockarooAutomation.MockarooDataValidation"/>
  <testcase name="TestP" time="0.003" classname="mockarooAutomation.MockarooDataValidation"/>
  <testcase name="TestQ" time="0.019" classname="mockarooAutomation.MockarooDataValidation"/>
  <testcase name="TestR" time="0.012" classname="mockarooAutomation.MockarooDataValidation"/>
  <testcase name="TestS" time="0.002" classname="mockarooAutomation.MockarooDataValidation"/>
</testsuite> <!-- Default test -->
