<?xml version="1.0" encoding="UTF-8"?>
<!-- Generated by org.testng.reporters.JUnitXMLReporter -->
<testsuite hostname="DESKTOP-4U5KJL5" ignored="0" name="Default test" tests="17" failures="0" timestamp="26 Jun 2018 06:47:44 GMT" time="26.448" errors="0">
  <testcase name="TestA" time="0.005" classname="mockarooAutomation.MockarooDataValidation"/>
  <testcase name="TestB" time="0.557" classname="mockarooAutomation.MockarooDataValidation"/>
  <testcase name="TestC" time="0.13" classname="mockarooAutomation.MockarooDataValidation"/>
  <testcase name="TestD" time="0.027" classname="mockarooAutomation.MockarooDataValidation"/>
  <testcase name="TestE" time="0.022" classname="mockarooAutomation.MockarooDataValidation"/>
  <testcase name="TestF" time="0.036" classname="mockarooAutomation.MockarooDataValidation"/>
  <testcase name="TestG" time="0.037" classname="mockarooAutomation.MockarooDataValidation"/>
  <testcase name="TestH" time="0.058" classname="mockarooAutomation.MockarooDataValidation"/>
  <testcase name="TestI" time="0.789" classname="mockarooAutomation.MockarooDataValidation"/>
  <testcase name="TestJ" time="0.15" classname="mockarooAutomation.MockarooDataValidation"/>
  <testcase name="TestK" time="0.725" classname="mockarooAutomation.MockarooDataValidation"/>
  <testcase name="TestL" time="1.381" classname="mockarooAutomation.MockarooDataValidation"/>
  <testcase name="TestM" time="1.122" classname="mockarooAutomation.MockarooDataValidation"/>
  <testcase name="TestN" time="1.463" classname="mockarooAutomation.MockarooDataValidation"/>
  <testcase name="TestO" time="0.823" classname="mockarooAutomation.MockarooDataValidation"/>
  <testcase name="TestP" time="0.004" classname="mockarooAutomation.MockarooDataValidation"/>
  <testcase name="TestQ" time="0.019" classname="mockarooAutomation.MockarooDataValidation"/>
</testsuite> <!-- Default test -->
