<?xml version="1.0" encoding="UTF-8"?>
<testng-results skipped="0" failed="0" ignored="0" total="19" passed="19">
  <reporter-output>
  </reporter-output>
  <suite name="Default suite" duration-ms="26021" started-at="2018-06-26T07:38:36Z" finished-at="2018-06-26T07:39:02Z">
    <groups>
    </groups>
    <test name="Default test" duration-ms="26021" started-at="2018-06-26T07:38:36Z" finished-at="2018-06-26T07:39:02Z">
      <class name="mockarooAutomation.MockarooDataValidation">
        <test-method status="PASS" signature="setUp()[pri:0, instance:mockarooAutomation.MockarooDataValidation@39c0f4a]" name="setUp" is-config="true" duration-ms="6793" started-at="2018-06-26T07:38:36Z" finished-at="2018-06-26T07:38:43Z">
          <reporter-output>
          </reporter-output>
        </test-method> <!-- setUp -->
        <test-method status="PASS" signature="TestA()[pri:0, instance:mockarooAutomation.MockarooDataValidation@39c0f4a]" name="TestA" duration-ms="6" started-at="2018-06-26T07:38:43Z" finished-at="2018-06-26T07:38:43Z">
          <reporter-output>
          </reporter-output>
        </test-method> <!-- TestA -->
        <test-method status="PASS" signature="TestB()[pri:0, instance:mockarooAutomation.MockarooDataValidation@39c0f4a]" name="TestB" duration-ms="578" started-at="2018-06-26T07:38:43Z" finished-at="2018-06-26T07:38:44Z">
          <reporter-output>
          </reporter-output>
        </test-method> <!-- TestB -->
        <test-method status="PASS" signature="TestC()[pri:0, instance:mockarooAutomation.MockarooDataValidation@39c0f4a]" name="TestC" duration-ms="127" started-at="2018-06-26T07:38:44Z" finished-at="2018-06-26T07:38:44Z">
          <reporter-output>
          </reporter-output>
        </test-method> <!-- TestC -->
        <test-method status="PASS" signature="TestD()[pri:0, instance:mockarooAutomation.MockarooDataValidation@39c0f4a]" name="TestD" duration-ms="34" started-at="2018-06-26T07:38:44Z" finished-at="2018-06-26T07:38:44Z">
          <reporter-output>
          </reporter-output>
        </test-method> <!-- TestD -->
        <test-method status="PASS" signature="TestE()[pri:0, instance:mockarooAutomation.MockarooDataValidation@39c0f4a]" name="TestE" duration-ms="31" started-at="2018-06-26T07:38:44Z" finished-at="2018-06-26T07:38:44Z">
          <reporter-output>
          </reporter-output>
        </test-method> <!-- TestE -->
        <test-method status="PASS" signature="TestF()[pri:0, instance:mockarooAutomation.MockarooDataValidation@39c0f4a]" name="TestF" duration-ms="51" started-at="2018-06-26T07:38:44Z" finished-at="2018-06-26T07:38:44Z">
          <reporter-output>
          </reporter-output>
        </test-method> <!-- TestF -->
        <test-method status="PASS" signature="TestG()[pri:0, instance:mockarooAutomation.MockarooDataValidation@39c0f4a]" name="TestG" duration-ms="45" started-at="2018-06-26T07:38:44Z" finished-at="2018-06-26T07:38:44Z">
          <reporter-output>
          </reporter-output>
        </test-method> <!-- TestG -->
        <test-method status="PASS" signature="TestH()[pri:0, instance:mockarooAutomation.MockarooDataValidation@39c0f4a]" name="TestH" duration-ms="69" started-at="2018-06-26T07:38:44Z" finished-at="2018-06-26T07:38:44Z">
          <reporter-output>
          </reporter-output>
        </test-method> <!-- TestH -->
        <test-method status="PASS" signature="TestI()[pri:0, instance:mockarooAutomation.MockarooDataValidation@39c0f4a]" name="TestI" duration-ms="747" started-at="2018-06-26T07:38:44Z" finished-at="2018-06-26T07:38:45Z">
          <reporter-output>
          </reporter-output>
        </test-method> <!-- TestI -->
        <test-method status="PASS" signature="TestJ()[pri:0, instance:mockarooAutomation.MockarooDataValidation@39c0f4a]" name="TestJ" duration-ms="164" started-at="2018-06-26T07:38:45Z" finished-at="2018-06-26T07:38:45Z">
          <reporter-output>
          </reporter-output>
        </test-method> <!-- TestJ -->
        <test-method status="PASS" signature="TestK()[pri:0, instance:mockarooAutomation.MockarooDataValidation@39c0f4a]" name="TestK" duration-ms="717" started-at="2018-06-26T07:38:45Z" finished-at="2018-06-26T07:38:46Z">
          <reporter-output>
          </reporter-output>
        </test-method> <!-- TestK -->
        <test-method status="PASS" signature="TestL()[pri:0, instance:mockarooAutomation.MockarooDataValidation@39c0f4a]" name="TestL" duration-ms="1241" started-at="2018-06-26T07:38:46Z" finished-at="2018-06-26T07:38:47Z">
          <reporter-output>
          </reporter-output>
        </test-method> <!-- TestL -->
        <test-method status="PASS" signature="TestM()[pri:0, instance:mockarooAutomation.MockarooDataValidation@39c0f4a]" name="TestM" duration-ms="1122" started-at="2018-06-26T07:38:47Z" finished-at="2018-06-26T07:38:48Z">
          <reporter-output>
          </reporter-output>
        </test-method> <!-- TestM -->
        <test-method status="PASS" signature="TestN()[pri:0, instance:mockarooAutomation.MockarooDataValidation@39c0f4a]" name="TestN" duration-ms="1068" started-at="2018-06-26T07:38:48Z" finished-at="2018-06-26T07:38:49Z">
          <reporter-output>
          </reporter-output>
        </test-method> <!-- TestN -->
        <test-method status="PASS" signature="TestO()[pri:0, instance:mockarooAutomation.MockarooDataValidation@39c0f4a]" name="TestO" duration-ms="819" started-at="2018-06-26T07:38:49Z" finished-at="2018-06-26T07:38:50Z">
          <reporter-output>
          </reporter-output>
        </test-method> <!-- TestO -->
        <test-method status="PASS" signature="TestP()[pri:0, instance:mockarooAutomation.MockarooDataValidation@39c0f4a]" name="TestP" duration-ms="3" started-at="2018-06-26T07:38:50Z" finished-at="2018-06-26T07:38:50Z">
          <reporter-output>
          </reporter-output>
        </test-method> <!-- TestP -->
        <test-method status="PASS" signature="TestQ()[pri:0, instance:mockarooAutomation.MockarooDataValidation@39c0f4a]" name="TestQ" duration-ms="19" started-at="2018-06-26T07:38:50Z" finished-at="2018-06-26T07:38:50Z">
          <reporter-output>
          </reporter-output>
        </test-method> <!-- TestQ -->
        <test-method status="PASS" signature="TestR()[pri:0, instance:mockarooAutomation.MockarooDataValidation@39c0f4a]" name="TestR" duration-ms="12" started-at="2018-06-26T07:38:50Z" finished-at="2018-06-26T07:38:50Z">
          <reporter-output>
          </reporter-output>
        </test-method> <!-- TestR -->
        <test-method status="PASS" signature="TestS()[pri:0, instance:mockarooAutomation.MockarooDataValidation@39c0f4a]" name="TestS" duration-ms="2" started-at="2018-06-26T07:38:50Z" finished-at="2018-06-26T07:38:50Z">
          <reporter-output>
          </reporter-output>
        </test-method> <!-- TestS -->
        <test-method status="PASS" signature="afterClass()[pri:0, instance:mockarooAutomation.MockarooDataValidation@39c0f4a]" name="afterClass" is-config="true" duration-ms="12313" started-at="2018-06-26T07:38:50Z" finished-at="2018-06-26T07:39:02Z">
          <reporter-output>
          </reporter-output>
        </test-method> <!-- afterClass -->
      </class> <!-- mockarooAutomation.MockarooDataValidation -->
    </test> <!-- Default test -->
  </suite> <!-- Default suite -->
</testng-results>
